{"C:\\Users\\user\\Desktop\\TEST\\homework-starter\\src\\App.tsx": {"path":"C:\\Users\\user\\Desktop\\TEST\\homework-starter\\src\\App.tsx","all":false,"statementMap":{"0":{"start":{"line":1,"column":0},"end":{"line":1,"column":40}},"1":{"start":{"line":2,"column":0},"end":{"line":2,"column":19}},"2":{"start":{"line":3,"column":0},"end":{"line":3,"column":30}},"3":{"start":{"line":4,"column":0},"end":{"line":4,"column":35}},"4":{"start":{"line":5,"column":0},"end":{"line":5,"column":0}},"5":{"start":{"line":6,"column":0},"end":{"line":6,"column":16}},"6":{"start":{"line":7,"column":0},"end":{"line":7,"column":53}},"7":{"start":{"line":8,"column":0},"end":{"line":8,"column":41}},"8":{"start":{"line":9,"column":0},"end":{"line":9,"column":78}},"9":{"start":{"line":10,"column":0},"end":{"line":10,"column":0}},"10":{"start":{"line":11,"column":0},"end":{"line":11,"column":37}},"11":{"start":{"line":12,"column":0},"end":{"line":12,"column":31}},"12":{"start":{"line":13,"column":0},"end":{"line":13,"column":21}},"13":{"start":{"line":14,"column":0},"end":{"line":14,"column":11}},"14":{"start":{"line":15,"column":0},"end":{"line":15,"column":25}},"15":{"start":{"line":16,"column":0},"end":{"line":16,"column":6}},"16":{"start":{"line":17,"column":0},"end":{"line":17,"column":34}},"17":{"start":{"line":18,"column":0},"end":{"line":18,"column":4}},"18":{"start":{"line":19,"column":0},"end":{"line":19,"column":0}},"19":{"start":{"line":20,"column":0},"end":{"line":20,"column":38}},"20":{"start":{"line":21,"column":0},"end":{"line":21,"column":13}},"21":{"start":{"line":22,"column":0},"end":{"line":22,"column":25}},"22":{"start":{"line":23,"column":0},"end":{"line":23,"column":75}},"23":{"start":{"line":24,"column":0},"end":{"line":24,"column":7}},"24":{"start":{"line":25,"column":0},"end":{"line":25,"column":6}},"25":{"start":{"line":26,"column":0},"end":{"line":26,"column":4}},"26":{"start":{"line":27,"column":0},"end":{"line":27,"column":0}},"27":{"start":{"line":28,"column":0},"end":{"line":28,"column":37}},"28":{"start":{"line":29,"column":0},"end":{"line":29,"column":56}},"29":{"start":{"line":30,"column":0},"end":{"line":30,"column":4}},"30":{"start":{"line":31,"column":0},"end":{"line":31,"column":0}},"31":{"start":{"line":32,"column":0},"end":{"line":32,"column":76}},"32":{"start":{"line":33,"column":0},"end":{"line":33,"column":0}},"33":{"start":{"line":34,"column":0},"end":{"line":34,"column":48}},"34":{"start":{"line":35,"column":0},"end":{"line":35,"column":54}},"35":{"start":{"line":36,"column":0},"end":{"line":36,"column":56}},"36":{"start":{"line":37,"column":0},"end":{"line":37,"column":16}},"37":{"start":{"line":38,"column":0},"end":{"line":38,"column":5}},"38":{"start":{"line":39,"column":0},"end":{"line":39,"column":0}},"39":{"start":{"line":40,"column":0},"end":{"line":40,"column":10}},"40":{"start":{"line":41,"column":0},"end":{"line":41,"column":36}},"41":{"start":{"line":42,"column":0},"end":{"line":42,"column":20}},"42":{"start":{"line":43,"column":0},"end":{"line":43,"column":35}},"43":{"start":{"line":44,"column":0},"end":{"line":44,"column":14}},"44":{"start":{"line":45,"column":0},"end":{"line":45,"column":21}},"45":{"start":{"line":46,"column":0},"end":{"line":46,"column":23}},"46":{"start":{"line":47,"column":0},"end":{"line":47,"column":52}},"47":{"start":{"line":48,"column":0},"end":{"line":48,"column":29}},"48":{"start":{"line":49,"column":0},"end":{"line":49,"column":59}},"49":{"start":{"line":50,"column":0},"end":{"line":50,"column":29}},"50":{"start":{"line":51,"column":0},"end":{"line":51,"column":27}},"51":{"start":{"line":52,"column":0},"end":{"line":52,"column":13}},"52":{"start":{"line":53,"column":0},"end":{"line":53,"column":12}},"53":{"start":{"line":54,"column":0},"end":{"line":54,"column":46}},"54":{"start":{"line":55,"column":0},"end":{"line":55,"column":32}},"55":{"start":{"line":56,"column":0},"end":{"line":56,"column":10}},"56":{"start":{"line":57,"column":0},"end":{"line":57,"column":12}},"57":{"start":{"line":58,"column":0},"end":{"line":58,"column":0}},"58":{"start":{"line":59,"column":0},"end":{"line":59,"column":10}},"59":{"start":{"line":60,"column":0},"end":{"line":60,"column":38}},"60":{"start":{"line":61,"column":0},"end":{"line":61,"column":68}},"61":{"start":{"line":62,"column":0},"end":{"line":62,"column":11}},"62":{"start":{"line":63,"column":0},"end":{"line":63,"column":11}},"63":{"start":{"line":64,"column":0},"end":{"line":64,"column":0}},"64":{"start":{"line":65,"column":0},"end":{"line":65,"column":30}},"65":{"start":{"line":66,"column":0},"end":{"line":66,"column":14}},"66":{"start":{"line":67,"column":0},"end":{"line":67,"column":77}},"67":{"start":{"line":68,"column":0},"end":{"line":68,"column":15}},"68":{"start":{"line":69,"column":0},"end":{"line":69,"column":33}},"69":{"start":{"line":70,"column":0},"end":{"line":70,"column":17}},"70":{"start":{"line":71,"column":0},"end":{"line":71,"column":75}},"71":{"start":{"line":72,"column":0},"end":{"line":72,"column":44}},"72":{"start":{"line":73,"column":0},"end":{"line":73,"column":11}},"73":{"start":{"line":74,"column":0},"end":{"line":74,"column":15}},"74":{"start":{"line":75,"column":0},"end":{"line":75,"column":19}},"75":{"start":{"line":76,"column":0},"end":{"line":76,"column":17}},"76":{"start":{"line":77,"column":0},"end":{"line":77,"column":78}},"77":{"start":{"line":78,"column":0},"end":{"line":78,"column":47}},"78":{"start":{"line":79,"column":0},"end":{"line":79,"column":11}},"79":{"start":{"line":80,"column":0},"end":{"line":80,"column":18}},"80":{"start":{"line":81,"column":0},"end":{"line":81,"column":19}},"81":{"start":{"line":82,"column":0},"end":{"line":82,"column":17}},"82":{"start":{"line":83,"column":0},"end":{"line":83,"column":40}},"83":{"start":{"line":84,"column":0},"end":{"line":84,"column":52}},"84":{"start":{"line":85,"column":0},"end":{"line":85,"column":15}},"85":{"start":{"line":86,"column":0},"end":{"line":86,"column":50}},"86":{"start":{"line":87,"column":0},"end":{"line":87,"column":11}},"87":{"start":{"line":88,"column":0},"end":{"line":88,"column":21}},"88":{"start":{"line":89,"column":0},"end":{"line":89,"column":19}},"89":{"start":{"line":90,"column":0},"end":{"line":90,"column":14}},"90":{"start":{"line":91,"column":0},"end":{"line":91,"column":71}},"91":{"start":{"line":92,"column":0},"end":{"line":92,"column":25}},"92":{"start":{"line":93,"column":0},"end":{"line":93,"column":17}},"93":{"start":{"line":94,"column":0},"end":{"line":94,"column":12}},"94":{"start":{"line":95,"column":0},"end":{"line":95,"column":10}},"95":{"start":{"line":96,"column":0},"end":{"line":96,"column":4}},"96":{"start":{"line":97,"column":0},"end":{"line":97,"column":1}},"97":{"start":{"line":98,"column":0},"end":{"line":98,"column":59}},"98":{"start":{"line":99,"column":0},"end":{"line":99,"column":19}}},"s":{"0":1,"1":1,"2":1,"3":1,"4":1,"5":23,"6":23,"7":23,"8":23,"9":23,"10":23,"11":6,"12":6,"13":6,"14":6,"15":6,"16":6,"17":23,"18":23,"19":23,"20":3,"21":3,"22":4,"23":3,"24":3,"25":23,"26":23,"27":23,"28":1,"29":23,"30":23,"31":23,"32":23,"33":23,"34":14,"35":14,"36":12,"37":23,"38":23,"39":23,"40":23,"41":23,"42":23,"43":23,"44":23,"45":23,"46":23,"47":23,"48":7,"49":6,"50":6,"51":6,"52":23,"53":23,"54":23,"55":23,"56":23,"57":23,"58":23,"59":23,"60":13,"61":23,"62":23,"63":23,"64":23,"65":23,"66":23,"67":23,"68":23,"69":23,"70":23,"71":23,"72":23,"73":23,"74":23,"75":23,"76":23,"77":23,"78":23,"79":23,"80":23,"81":23,"82":23,"83":23,"84":23,"85":23,"86":23,"87":23,"88":23,"89":23,"90":23,"91":23,"92":23,"93":23,"94":23,"95":23,"96":23,"97":1,"98":1},"branchMap":{"0":{"type":"branch","line":6,"loc":{"start":{"line":6,"column":0},"end":{"line":97,"column":1}},"locations":[{"start":{"line":6,"column":0},"end":{"line":97,"column":1}}]},"1":{"type":"branch","line":67,"loc":{"start":{"line":67,"column":53},"end":{"line":67,"column":61}},"locations":[{"start":{"line":67,"column":53},"end":{"line":67,"column":61}}]},"2":{"type":"branch","line":67,"loc":{"start":{"line":67,"column":62},"end":{"line":67,"column":71}},"locations":[{"start":{"line":67,"column":62},"end":{"line":67,"column":71}}]},"3":{"type":"branch","line":71,"loc":{"start":{"line":71,"column":57},"end":{"line":71,"column":67}},"locations":[{"start":{"line":71,"column":57},"end":{"line":71,"column":67}}]},"4":{"type":"branch","line":71,"loc":{"start":{"line":71,"column":68},"end":{"line":71,"column":72}},"locations":[{"start":{"line":71,"column":68},"end":{"line":71,"column":72}}]},"5":{"type":"branch","line":77,"loc":{"start":{"line":77,"column":60},"end":{"line":77,"column":70}},"locations":[{"start":{"line":77,"column":60},"end":{"line":77,"column":70}}]},"6":{"type":"branch","line":77,"loc":{"start":{"line":77,"column":71},"end":{"line":77,"column":75}},"locations":[{"start":{"line":77,"column":71},"end":{"line":77,"column":75}}]},"7":{"type":"branch","line":84,"loc":{"start":{"line":84,"column":37},"end":{"line":84,"column":47}},"locations":[{"start":{"line":84,"column":37},"end":{"line":84,"column":47}}]},"8":{"type":"branch","line":11,"loc":{"start":{"line":11,"column":18},"end":{"line":18,"column":3}},"locations":[{"start":{"line":11,"column":18},"end":{"line":18,"column":3}}]},"9":{"type":"branch","line":20,"loc":{"start":{"line":20,"column":21},"end":{"line":26,"column":3}},"locations":[{"start":{"line":20,"column":21},"end":{"line":26,"column":3}}]},"10":{"type":"branch","line":22,"loc":{"start":{"line":22,"column":16},"end":{"line":23,"column":75}},"locations":[{"start":{"line":22,"column":16},"end":{"line":23,"column":75}}]},"11":{"type":"branch","line":23,"loc":{"start":{"line":23,"column":23},"end":{"line":23,"column":69}},"locations":[{"start":{"line":23,"column":23},"end":{"line":23,"column":69}}]},"12":{"type":"branch","line":23,"loc":{"start":{"line":23,"column":69},"end":{"line":23,"column":75}},"locations":[{"start":{"line":23,"column":69},"end":{"line":23,"column":75}}]},"13":{"type":"branch","line":28,"loc":{"start":{"line":28,"column":30},"end":{"line":30,"column":3}},"locations":[{"start":{"line":28,"column":30},"end":{"line":30,"column":3}}]},"14":{"type":"branch","line":29,"loc":{"start":{"line":29,"column":26},"end":{"line":29,"column":53}},"locations":[{"start":{"line":29,"column":26},"end":{"line":29,"column":53}}]},"15":{"type":"branch","line":32,"loc":{"start":{"line":32,"column":40},"end":{"line":32,"column":67}},"locations":[{"start":{"line":32,"column":40},"end":{"line":32,"column":67}}]},"16":{"type":"branch","line":34,"loc":{"start":{"line":34,"column":37},"end":{"line":38,"column":3}},"locations":[{"start":{"line":34,"column":37},"end":{"line":38,"column":3}}]},"17":{"type":"branch","line":35,"loc":{"start":{"line":35,"column":29},"end":{"line":35,"column":54}},"locations":[{"start":{"line":35,"column":29},"end":{"line":35,"column":54}}]},"18":{"type":"branch","line":36,"loc":{"start":{"line":36,"column":-2},"end":{"line":36,"column":39}},"locations":[{"start":{"line":36,"column":-2},"end":{"line":36,"column":39}}]},"19":{"type":"branch","line":36,"loc":{"start":{"line":36,"column":32},"end":{"line":36,"column":56}},"locations":[{"start":{"line":36,"column":32},"end":{"line":36,"column":56}}]},"20":{"type":"branch","line":37,"loc":{"start":{"line":37,"column":-2},"end":{"line":38,"column":3}},"locations":[{"start":{"line":37,"column":-2},"end":{"line":38,"column":3}}]},"21":{"type":"branch","line":47,"loc":{"start":{"line":47,"column":20},"end":{"line":47,"column":51}},"locations":[{"start":{"line":47,"column":20},"end":{"line":47,"column":51}}]},"22":{"type":"branch","line":48,"loc":{"start":{"line":48,"column":21},"end":{"line":53,"column":11}},"locations":[{"start":{"line":48,"column":21},"end":{"line":53,"column":11}}]},"23":{"type":"branch","line":49,"loc":{"start":{"line":49,"column":58},"end":{"line":52,"column":13}},"locations":[{"start":{"line":49,"column":58},"end":{"line":52,"column":13}}]},"24":{"type":"branch","line":60,"loc":{"start":{"line":60,"column":27},"end":{"line":61,"column":68}},"locations":[{"start":{"line":60,"column":27},"end":{"line":61,"column":68}}]},"25":{"type":"branch","line":78,"loc":{"start":{"line":78,"column":21},"end":{"line":78,"column":46}},"locations":[{"start":{"line":78,"column":21},"end":{"line":78,"column":46}}]}},"b":{"0":[23],"1":[8],"2":[15],"3":[22],"4":[1],"5":[1],"6":[22],"7":[0],"8":[6],"9":[3],"10":[4],"11":[3],"12":[1],"13":[1],"14":[1],"15":[14],"16":[14],"17":[2],"18":[12],"19":[0],"20":[12],"21":[6],"22":[7],"23":[6],"24":[13],"25":[1]},"fnMap":{"0":{"name":"App","decl":{"start":{"line":6,"column":0},"end":{"line":97,"column":1}},"loc":{"start":{"line":6,"column":0},"end":{"line":97,"column":1}},"line":6},"1":{"name":"addTodo","decl":{"start":{"line":11,"column":18},"end":{"line":18,"column":3}},"loc":{"start":{"line":11,"column":18},"end":{"line":18,"column":3}},"line":11},"2":{"name":"toggleTodo","decl":{"start":{"line":20,"column":21},"end":{"line":26,"column":3}},"loc":{"start":{"line":20,"column":21},"end":{"line":26,"column":3}},"line":20},"3":{"name":"clearCompletedTodos","decl":{"start":{"line":28,"column":30},"end":{"line":30,"column":3}},"loc":{"start":{"line":28,"column":30},"end":{"line":30,"column":3}},"line":28},"4":{"name":"onChange","decl":{"start":{"line":47,"column":20},"end":{"line":47,"column":51}},"loc":{"start":{"line":47,"column":20},"end":{"line":47,"column":51}},"line":47},"5":{"name":"onKeyDown","decl":{"start":{"line":48,"column":21},"end":{"line":53,"column":11}},"loc":{"start":{"line":48,"column":21},"end":{"line":53,"column":11}},"line":48},"6":{"name":"onClick","decl":{"start":{"line":72,"column":21},"end":{"line":72,"column":43}},"loc":{"start":{"line":72,"column":21},"end":{"line":72,"column":43}},"line":72},"7":{"name":"onClick","decl":{"start":{"line":78,"column":21},"end":{"line":78,"column":46}},"loc":{"start":{"line":78,"column":21},"end":{"line":78,"column":46}},"line":78},"8":{"name":"onClick","decl":{"start":{"line":86,"column":21},"end":{"line":86,"column":49}},"loc":{"start":{"line":86,"column":21},"end":{"line":86,"column":49}},"line":86}},"f":{"0":23,"1":6,"2":3,"3":1,"4":6,"5":7,"6":0,"7":1,"8":0}}
,"C:\\Users\\user\\Desktop\\TEST\\homework-starter\\src\\Todo.tsx": {"path":"C:\\Users\\user\\Desktop\\TEST\\homework-starter\\src\\Todo.tsx","all":false,"statementMap":{"0":{"start":{"line":1,"column":0},"end":{"line":1,"column":26}},"1":{"start":{"line":2,"column":0},"end":{"line":2,"column":51}},"2":{"start":{"line":3,"column":0},"end":{"line":3,"column":0}},"3":{"start":{"line":4,"column":0},"end":{"line":4,"column":14}},"4":{"start":{"line":5,"column":0},"end":{"line":5,"column":21}},"5":{"start":{"line":6,"column":0},"end":{"line":6,"column":35}},"6":{"start":{"line":7,"column":0},"end":{"line":7,"column":2}},"7":{"start":{"line":8,"column":0},"end":{"line":8,"column":0}},"8":{"start":{"line":9,"column":0},"end":{"line":9,"column":64}},"9":{"start":{"line":10,"column":0},"end":{"line":10,"column":10}},"10":{"start":{"line":11,"column":0},"end":{"line":11,"column":30}},"11":{"start":{"line":12,"column":0},"end":{"line":12,"column":12}},"12":{"start":{"line":13,"column":0},"end":{"line":13,"column":23}},"13":{"start":{"line":14,"column":0},"end":{"line":14,"column":34}},"14":{"start":{"line":15,"column":0},"end":{"line":15,"column":44}},"15":{"start":{"line":16,"column":0},"end":{"line":16,"column":33}},"16":{"start":{"line":17,"column":0},"end":{"line":17,"column":8}},"17":{"start":{"line":18,"column":0},"end":{"line":18,"column":78}},"18":{"start":{"line":19,"column":0},"end":{"line":19,"column":9}},"19":{"start":{"line":20,"column":0},"end":{"line":20,"column":4}},"20":{"start":{"line":21,"column":0},"end":{"line":21,"column":2}}},"s":{"0":1,"1":1,"2":1,"3":1,"4":1,"5":1,"6":1,"7":1,"8":1,"9":13,"10":13,"11":13,"12":13,"13":13,"14":13,"15":13,"16":13,"17":13,"18":13,"19":13,"20":13},"branchMap":{"0":{"type":"branch","line":9,"loc":{"start":{"line":9,"column":37},"end":{"line":21,"column":2}},"locations":[{"start":{"line":9,"column":37},"end":{"line":21,"column":2}}]},"1":{"type":"branch","line":18,"loc":{"start":{"line":18,"column":40},"end":{"line":18,"column":53}},"locations":[{"start":{"line":18,"column":40},"end":{"line":18,"column":53}}]},"2":{"type":"branch","line":18,"loc":{"start":{"line":18,"column":54},"end":{"line":18,"column":58}},"locations":[{"start":{"line":18,"column":54},"end":{"line":18,"column":58}}]},"3":{"type":"branch","line":15,"loc":{"start":{"line":15,"column":18},"end":{"line":15,"column":43}},"locations":[{"start":{"line":15,"column":18},"end":{"line":15,"column":43}}]}},"b":{"0":[13],"1":[3],"2":[10],"3":[3]},"fnMap":{"0":{"name":"Todo","decl":{"start":{"line":9,"column":37},"end":{"line":21,"column":2}},"loc":{"start":{"line":9,"column":37},"end":{"line":21,"column":2}},"line":9},"1":{"name":"onChange","decl":{"start":{"line":15,"column":18},"end":{"line":15,"column":43}},"loc":{"start":{"line":15,"column":18},"end":{"line":15,"column":43}},"line":15}},"f":{"0":13,"1":3}}
,"C:\\Users\\user\\Desktop\\TEST\\homework-starter\\src\\sum.ts": {"path":"C:\\Users\\user\\Desktop\\TEST\\homework-starter\\src\\sum.ts","all":false,"statementMap":{"0":{"start":{"line":1,"column":0},"end":{"line":1,"column":51}},"1":{"start":{"line":2,"column":0},"end":{"line":2,"column":15}},"2":{"start":{"line":3,"column":0},"end":{"line":3,"column":1}}},"s":{"0":1,"1":1,"2":1},"branchMap":{"0":{"type":"branch","line":1,"loc":{"start":{"line":1,"column":0},"end":{"line":3,"column":1}},"locations":[{"start":{"line":1,"column":0},"end":{"line":3,"column":1}}]}},"b":{"0":[1]},"fnMap":{"0":{"name":"sum","decl":{"start":{"line":1,"column":0},"end":{"line":3,"column":1}},"loc":{"start":{"line":1,"column":0},"end":{"line":3,"column":1}},"line":1}},"f":{"0":1}}
}
