TN:
SF:src\App.tsx
FN:6,App
FN:11,addTodo
FN:20,toggleTodo
FN:28,clearCompletedTodos
FN:47,onChange
FN:48,onKeyDown
FN:72,onClick
FN:78,onClick
FN:86,onClick
FNF:9
FNH:7
FNDA:23,App
FNDA:6,addTodo
FNDA:3,toggleTodo
FNDA:1,clearCompletedTodos
FNDA:6,onChange
FNDA:7,onKeyDown
FNDA:0,onClick
FNDA:1,onClick
FNDA:0,onClick
DA:1,1
DA:2,1
DA:3,1
DA:4,1
DA:5,1
DA:6,23
DA:7,23
DA:8,23
DA:9,23
DA:10,23
DA:11,23
DA:12,6
DA:13,6
DA:14,6
DA:15,6
DA:16,6
DA:17,6
DA:18,23
DA:19,23
DA:20,23
DA:21,3
DA:22,3
DA:23,4
DA:24,3
DA:25,3
DA:26,23
DA:27,23
DA:28,23
DA:29,1
DA:30,23
DA:31,23
DA:32,23
DA:33,23
DA:34,23
DA:35,14
DA:36,14
DA:37,12
DA:38,23
DA:39,23
DA:40,23
DA:41,23
DA:42,23
DA:43,23
DA:44,23
DA:45,23
DA:46,23
DA:47,23
DA:48,23
DA:49,7
DA:50,6
DA:51,6
DA:52,6
DA:53,23
DA:54,23
DA:55,23
DA:56,23
DA:57,23
DA:58,23
DA:59,23
DA:60,23
DA:61,13
DA:62,23
DA:63,23
DA:64,23
DA:65,23
DA:66,23
DA:67,23
DA:68,23
DA:69,23
DA:70,23
DA:71,23
DA:72,23
DA:73,23
DA:74,23
DA:75,23
DA:76,23
DA:77,23
DA:78,23
DA:79,23
DA:80,23
DA:81,23
DA:82,23
DA:83,23
DA:84,23
DA:85,23
DA:86,23
DA:87,23
DA:88,23
DA:89,23
DA:90,23
DA:91,23
DA:92,23
DA:93,23
DA:94,23
DA:95,23
DA:96,23
DA:97,23
DA:98,1
DA:99,1
LF:99
LH:99
BRDA:6,0,0,23
BRDA:67,1,0,8
BRDA:67,2,0,15
BRDA:71,3,0,22
BRDA:71,4,0,1
BRDA:77,5,0,1
BRDA:77,6,0,22
BRDA:84,7,0,0
BRDA:11,8,0,6
BRDA:20,9,0,3
BRDA:22,10,0,4
BRDA:23,11,0,3
BRDA:23,12,0,1
BRDA:28,13,0,1
BRDA:29,14,0,1
BRDA:32,15,0,14
BRDA:34,16,0,14
BRDA:35,17,0,2
BRDA:36,18,0,12
BRDA:36,19,0,0
BRDA:37,20,0,12
BRDA:47,21,0,6
BRDA:48,22,0,7
BRDA:49,23,0,6
BRDA:60,24,0,13
BRDA:78,25,0,1
BRF:26
BRH:24
end_of_record
TN:
SF:src\Todo.tsx
FN:9,Todo
FN:15,onChange
FNF:2
FNH:2
FNDA:13,Todo
FNDA:3,onChange
DA:1,1
DA:2,1
DA:3,1
DA:4,1
DA:5,1
DA:6,1
DA:7,1
DA:8,1
DA:9,1
DA:10,13
DA:11,13
DA:12,13
DA:13,13
DA:14,13
DA:15,13
DA:16,13
DA:17,13
DA:18,13
DA:19,13
DA:20,13
DA:21,13
LF:21
LH:21
BRDA:9,0,0,13
BRDA:18,1,0,3
BRDA:18,2,0,10
BRDA:15,3,0,3
BRF:4
BRH:4
end_of_record
TN:
SF:src\sum.ts
FN:1,sum
FNF:1
FNH:1
FNDA:1,sum
DA:1,1
DA:2,1
DA:3,1
LF:3
LH:3
BRDA:1,0,0,1
BRF:1
BRH:1
end_of_record
